User Actions Log:
Click: <textarea class="gLFyf" aria-controls="Alh6id" aria-owns="Alh6id" autofocus="" title="Search" value="" jsaction="paste:puy29d;" aria-label="Search" placeholder="" aria-autocomplete="both" aria-expanded="true" aria-haspopup="false" autocapitalize="off" autocomplete="off" autocorrect="off" id="APjFqb" maxlength="2048" name="q" role="combobox" rows="1" spellcheck="false" data-ved="0ahUKEwj_oZ7eibiKAxUYADQIHWfCNeoQ39UDCAc" aria-activedescendant="" style=""></textarea>
Click: <textarea class="gLFyf" aria-controls="Alh6id" aria-owns="Alh6id" autofocus="" title="Search" value="" jsaction="paste:puy29d;" aria-label="Search" placeholder="" aria-autocomplete="both" aria-expanded="true" aria-haspopup="false" autocapitalize="off" autocomplete="off" autocorrect="off" id="APjFqb" maxlength="2048" name="q" role="combobox" rows="1" spellcheck="false" data-ved="0ahUKEwj_oZ7eibiKAxUYADQIHWfCNeoQ39UDCAc" aria-activedescendant="" style=""></textarea>
Key: w
Key: i
Key: k
Key: i
Page navigation: https://www.google.com/search?q=wikiepdia&sca_esv=396d2339e225b75b&source=hp&ei=3EpmZ__DEJiA0PEP54TX0Q4&iflsig=AL9hbdgAAAAAZ2ZY7KfsZrGF41AMlUZLdOoSK3tr_6wm&ved=0ahUKEwj_oZ7eibiKAxUYADQIHWfCNeoQ4dUDCBE&uact=5&oq=wikiepdia&gs_lp=Egdnd3Mtd2l6Igl3aWtpZXBkaWEyChAAGIAEGLEDGAoyChAAGIAEGLEDGAoyChAuGIAEGLEDGAoyChAAGIAEGLEDGAoyChAAGIAEGLEDGAoyBxAAGIAEGAoyBxAAGIAEGAoyBxAAGIAEGAoyDRAAGIAEGLEDGIMBGAoyBxAAGIAEGApI4Q5QiwVYmgxwAXgAkAEAmAE7oAGsA6oBATm4AQPIAQD4AQGYAgqgAtYDqAIKwgIKEAAYAxjqAhiPAcICCxAAGIAEGLEDGIMBwgIREC4YgAQYsQMY0QMYgwEYxwHCAg4QABiABBixAxiDARiKBcICCxAuGIAEGLEDGNQCwgIIEAAYgAQYsQPCAgsQLhiABBixAxiDAcICBRAuGIAEwgIOEC4YgAQYsQMY0QMYxwHCAgUQABiABMICChAuGIAEGNQCGArCAg0QLhiABBjUAhjJAxgKwgINEC4YgAQY0QMYxwEYCsICCxAAGIAEGJIDGIoFmAMH8QV4C1HQs6onOJIHAjEwoAfQYg&sclient=gws-wiz
Page navigation: https://en.wikipedia.org/wiki/Main_Page
Key: w
Key: a
Key: r
Key: w
Key: a
Key: r
Key: r
Key: e
Key: n
Key:  
Key: b
Key: u
Key: g
Key: g
Key: e
Key: r
Page navigation: https://en.wikipedia.org/w/index.php?search=warren+bugger&title=Special%3ASearch&ns0=1
Key: w
Key: a
Key: w
Key: a
Key: r
Key: r
Key: e
Key: n
Key:  
Page navigation: https://en.wikipedia.org/wiki/Warren_buffet
Page navigation: https://en.wikipedia.org/wiki/Warren_Buffett
